Watching for file changes with StatReloader
Waiting for apps ready_event.
Apps ready_event triggered. Sending autoreload_started signal.
Watching dir D:\Django\mysite\mysite\templates with glob **/*.
Watching dir D:\Django\mysite\locale with glob **/*.mo.
(0.000) 
            SELECT name, type FROM sqlite_master
            WHERE type in ('table', 'view') AND NOT name='sqlite_sequence'
            ORDER BY name; args=None; alias=default
File C:\Python39\Lib\encodings\utf_8.py first seen with mtime 1617532832.0
File C:\Python39\Lib\asyncio\__init__.py first seen with mtime 1617532832.0
File C:\Python39\Lib\site-packages\django\utils\text.py first seen with mtime 1656186440.8898435
File C:\Python39\Lib\site-packages\urllib3\util\ssltransport.py first seen with mtime 1656453428.6428444
File C:\Python39\Lib\site-packages\django\utils\regex_helper.py first seen with mtime 1656186440.8858461
File C:\Python39\Lib\subprocess.py first seen with mtime 1617532832.0
File C:\Python39\Lib\site-packages\django\contrib\sessions\apps.py first seen with mtime 1656186439.4801438
File C:\Python39\Lib\site-packages\django\db\backends\sqlite3\introspection.py first seen with mtime 1656186440.3510191
File C:\Python39\Lib\site-packages\requests\api.py first seen with mtime 1656456046.6548963
File C:\Python39\Lib\site-packages\django\contrib\auth\management\__init__.py first seen with mtime 1656186437.1021843
File C:\Python39\Lib\site-packages\django\views\generic\list.py first seen with mtime 1656186440.9328444
File C:\Python39\Lib\site-packages\django\utils\duration.py first seen with mtime 1656186440.8658438
File C:\Python39\Lib\site-packages\django\views\decorators\debug.py first seen with mtime 1656186440.920844
File C:\Python39\Lib\uuid.py first seen with mtime 1617532832.0
File C:\Python39\Lib\site-packages\django\db\migrations\operations\__init__.py first seen with mtime 1656186440.3740194
File C:\Python39\Lib\asyncio\streams.py first seen with mtime 1617532832.0
File C:\Python39\Lib\site-packages\django\db\backends\sqlite3\operations.py first seen with mtime 1656186440.352019
File C:\Python39\Lib\tokenize.py first seen with mtime 1617532832.0
File C:\Python39\Lib\_weakrefset.py first seen with mtime 1617532832.0
File C:\Python39\Lib\site-packages\django\core\files\uploadhandler.py first seen with mtime 1656186440.184021
File C:\Python39\Lib\site-packages\django\contrib\contenttypes\management\__init__.py first seen with mtime 1656186437.4113026
File C:\Python39\Lib\wsgiref\util.py first seen with mtime 1617532832.0
File C:\Python39\Lib\site-packages\django\db\models\enums.py first seen with mtime 1656186440.3880203
File C:\Python39\Lib\site-packages\django\utils\html.py first seen with mtime 1656186440.8738444
File C:\Python39\Lib\site-packages\sqlparse\filters\aligned_indent.py first seen with mtime 1656185993.5283308
File C:\Python39\Lib\unittest\suite.py first seen with mtime 1617532832.0
File C:\Python39\Lib\site-packages\sqlparse\filters\tokens.py first seen with mtime 1656185993.5363305
File C:\Python39\Lib\site-packages\requests\structures.py first seen with mtime 1656456046.672898
File C:\Python39\Lib\site-packages\django\urls\conf.py first seen with mtime 1656186440.8358521
File C:\Python39\Lib\site-packages\django\db\models\functions\comparison.py first seen with mtime 1656186440.4140186
File C:\Python39\Lib\asyncio\transports.py first seen with mtime 1617532832.0
File C:\Python39\Lib\inspect.py first seen with mtime 1617532832.0
File C:\Python39\Lib\site-packages\django\core\checks\files.py first seen with mtime 1656186440.1432807
File C:\Python39\Lib\site-packages\django\utils\itercompat.py first seen with mtime 1656186440.877844
File C:\Python39\Lib\site-packages\django\contrib\admin\views\main.py first seen with mtime 1656186436.4124725
File C:\Python39\Lib\zoneinfo\__init__.py first seen with mtime 1617532832.0
File C:\Python39\Lib\site-packages\urllib3\filepost.py first seen with mtime 1656453428.5998445
File C:\Python39\Lib\importlib\_common.py first seen with mtime 1617532832.0
File C:\Python39\Lib\site-packages\django\db\models\options.py first seen with mtime 1656186440.394019
File C:\Python39\DLLs\_ctypes.pyd first seen with mtime 1617532858.0
File C:\Python39\Lib\_compression.py first seen with mtime 1617532832.0
File C:\Python39\Lib\site-packages\django\db\backends\sqlite3\creation.py first seen with mtime 1656186440.3480182
File C:\Python39\Lib\site-packages\sqlparse\utils.py first seen with mtime 1656185993.5193322
File C:\Python39\Lib\site-packages\django\urls\utils.py first seen with mtime 1656186440.8418827
File C:\Python39\Lib\argparse.py first seen with mtime 1617532832.0
File C:\Python39\Lib\asyncio\format_helpers.py first seen with mtime 1617532832.0
File C:\Python39\Lib\selectors.py first seen with mtime 1617532832.0
File C:\Python39\Lib\site-packages\django\core\checks\registry.py first seen with mtime 1656186440.161018
File C:\Python39\Lib\ast.py first seen with mtime 1617532832.0
File C:\Python39\Lib\stringprep.py first seen with mtime 1617532832.0
File C:\Python39\Lib\email\header.py first seen with mtime 1617532832.0
File C:\Python39\Lib\site-packages\django\db\models\fields\files.py first seen with mtime 1656186440.4030342
File C:\Python39\Lib\heapq.py first seen with mtime 1617532832.0
File C:\Python39\Lib\site-packages\django\db\backends\base\base.py first seen with mtime 1656186440.2950187
File C:\Python39\Lib\site-packages\urllib3\request.py first seen with mtime 1656453428.6028442
File C:\Python39\Lib\site-packages\django\core\handlers\asgi.py first seen with mtime 1656186440.188018
File C:\Python39\Lib\collections\__init__.py first seen with mtime 1617532832.0
File C:\Python39\Lib\site-packages\urllib3\util\ssl_.py first seen with mtime 1656453428.639846
File C:\Python39\Lib\importlib\resources.py first seen with mtime 1617532832.0
File C:\Python39\Lib\site-packages\urllib3\util\url.py first seen with mtime 1656453428.6468472
File C:\Python39\Lib\site-packages\django\utils\__init__.py first seen with mtime 1656186440.842845
File C:\Python39\Lib\site-packages\django\forms\formsets.py first seen with mtime 1656186440.4400187
File C:\Python39\Lib\glob.py first seen with mtime 1617532832.0
File C:\Python39\Lib\asyncio\selector_events.py first seen with mtime 1617532832.0
File C:\Python39\Lib\site-packages\django\contrib\admin\actions.py first seen with mtime 1656186435.5208023
File C:\Python39\Lib\site-packages\django\contrib\contenttypes\__init__.py first seen with mtime 1656186437.1261792
File C:\Python39\Lib\site-packages\django\utils\formats.py first seen with mtime 1656186440.8698437
File C:\Python39\Lib\site-packages\urllib3\util\response.py first seen with mtime 1656453428.6358445
File C:\Python39\Lib\site-packages\django\utils\translation\__init__.py first seen with mtime 1656186440.898846
File C:\Python39\Lib\site-packages\django\db\models\lookups.py first seen with mtime 1656186440.3920205
File C:\Python39\Lib\token.py first seen with mtime 1617532832.0
File C:\Python39\Lib\site-packages\django\db\backends\ddl_references.py first seen with mtime 1656186440.2910352
File C:\Python39\Lib\numbers.py first seen with mtime 1617532832.0
File C:\Python39\Lib\site-packages\urllib3\connectionpool.py first seen with mtime 1656453428.5688443
File C:\Python39\Lib\site-packages\django\template\defaulttags.py first seen with mtime 1656186440.7822342
File C:\Python39\Lib\site-packages\django\conf\__init__.py first seen with mtime 1656186434.973155
File C:\Python39\Lib\site-packages\django\views\generic\edit.py first seen with mtime 1656186440.9308436
File C:\Python39\Lib\site-packages\django\contrib\auth\apps.py first seen with mtime 1656186436.7701814
File C:\Python39\Lib\http\__init__.py first seen with mtime 1617532832.0
File C:\Python39\Lib\abc.py first seen with mtime 1617532832.0
File C:\Python39\Lib\gettext.py first seen with mtime 1617532832.0
File C:\Python39\Lib\locale.py first seen with mtime 1617532832.0
File C:\Python39\Lib\unittest\case.py first seen with mtime 1617532832.0
File C:\Python39\Lib\site-packages\sqlparse\engine\grouping.py first seen with mtime 1656185993.5233328
File C:\Python39\Lib\site-packages\django\utils\timezone.py first seen with mtime 1656186440.8918452
File C:\Python39\Lib\site-packages\django\core\checks\compatibility\__init__.py first seen with mtime 1656186440.1650186
File C:\Python39\Lib\email\mime\__init__.py first seen with mtime 1617532832.0
File C:\Python39\Lib\asyncio\exceptions.py first seen with mtime 1617532832.0
File C:\Python39\Lib\site-packages\urllib3\util\request.py first seen with mtime 1656453428.6338463
File C:\Python39\Lib\site-packages\django\utils\deconstruct.py first seen with mtime 1656186440.861845
File C:\Python39\Lib\site-packages\django\contrib\contenttypes\models.py first seen with mtime 1656186437.1341884
File C:\Python39\Lib\site-packages\django\views\i18n.py first seen with mtime 1656186440.910844
File C:\Python39\Lib\site-packages\requests\hooks.py first seen with mtime 1656456046.6658964
File C:\Python39\DLLs\_uuid.pyd first seen with mtime 1617532858.0
File C:\Python39\Lib\random.py first seen with mtime 1617532832.0
File C:\Python39\Lib\site-packages\django\core\checks\translation.py first seen with mtime 1656186440.16302
File C:\Python39\Lib\quopri.py first seen with mtime 1617532832.0
File C:\Python39\Lib\http\cookiejar.py first seen with mtime 1617532832.0
File C:\Python39\Lib\site-packages\django\core\__init__.py first seen with mtime 1656186440.1276562
File C:\Python39\Lib\site-packages\django\core\mail\message.py first seen with mtime 1656186440.1960201
File C:\Python39\Lib\site-packages\django\utils\dateparse.py first seen with mtime 1656186440.8588438
File C:\Python39\Lib\site-packages\urllib3\fields.py first seen with mtime 1656453428.5728467
File C:\Python39\Lib\site-packages\django\core\cache\backends\filebased.py first seen with mtime 1656186440.1432807
File C:\Python39\Lib\struct.py first seen with mtime 1617532832.0
File C:\Python39\Lib\cgi.py first seen with mtime 1617532832.0
File C:\Python39\Lib\site-packages\colorama\ansitowin32.py first seen with mtime 1656186050.446572
File C:\Python39\Lib\site-packages\urllib3\util\wait.py first seen with mtime 1656453428.647844
File C:\Python39\Lib\site-packages\django\db\models\functions\mixins.py first seen with mtime 1656186440.4180186
File C:\Python39\Lib\site-packages\requests\sessions.py first seen with mtime 1656456046.669899
File C:\Python39\Lib\site-packages\django\core\management\commands\__init__.py first seen with mtime 1656186440.24302
File C:\Python39\Lib\site-packages\idna\core.py first seen with mtime 1656453429.3338466
File C:\Python39\Lib\site-packages\django\contrib\admin\templatetags\admin_urls.py first seen with mtime 1656186436.4044888
File C:\Python39\Lib\site-packages\django\template\loaders\filesystem.py first seen with mtime 1656186440.8098435
File C:\Python39\Lib\site-packages\django\utils\dateformat.py first seen with mtime 1656186440.8568463
File C:\Python39\Lib\pprint.py first seen with mtime 1617532832.0
File C:\Python39\Lib\sre_constants.py first seen with mtime 1617532832.0
File C:\Python39\Lib\site-packages\django\template\loaders\base.py first seen with mtime 1656186440.806846
File C:\Python39\Lib\email\feedparser.py first seen with mtime 1617532832.0
File C:\Python39\Lib\site-packages\charset_normalizer\assets\__init__.py first seen with mtime 1656453429.6208458
File C:\Python39\Lib\unittest\util.py first seen with mtime 1617532832.0
File C:\Python39\DLLs\_socket.pyd first seen with mtime 1617532858.0
File C:\Python39\Lib\asyncio\base_subprocess.py first seen with mtime 1617532832.0
File C:\Python39\Lib\shutil.py first seen with mtime 1617532832.0
File C:\Python39\Lib\site-packages\django\core\management\base.py first seen with mtime 1656186440.237019
File C:\Python39\Lib\copyreg.py first seen with mtime 1617532832.0
File C:\Python39\Lib\site-packages\django\template\utils.py first seen with mtime 1656186440.793845
File C:\Python39\Lib\site-packages\django\views\decorators\common.py first seen with mtime 1656186440.9178426
File C:\Python39\Lib\_collections_abc.py first seen with mtime 1617532832.0
File C:\Python39\Lib\site-packages\django\db\models\sql\constants.py first seen with mtime 1656186440.424019
File C:\Python39\Lib\site-packages\django\middleware\security.py first seen with mtime 1656186440.76623
File C:\Python39\Lib\site-packages\django\utils\autoreload.py first seen with mtime 1656186440.847845
File C:\Python39\Lib\opcode.py first seen with mtime 1617532832.0
File C:\Python39\Lib\site-packages\asgiref\__init__.py first seen with mtime 1656186434.7746956
File C:\Python39\Lib\site-packages\django\contrib\admin\helpers.py first seen with mtime 1656186435.5298028
File C:\Python39\Lib\posixpath.py first seen with mtime 1617532832.0
File C:\Python39\Lib\site-packages\django\contrib\admin\filters.py first seen with mtime 1656186435.5278025
File C:\Python39\Lib\site-packages\django\core\files\__init__.py first seen with mtime 1656186440.1730185
File C:\Python39\Lib\site-packages\django\forms\fields.py first seen with mtime 1656186440.4370267
File C:\Python39\Lib\site-packages\django\contrib\auth\middleware.py first seen with mtime 1656186436.7811792
File C:\Python39\Lib\bz2.py first seen with mtime 1617532832.0
File C:\Python39\Lib\site-packages\django\views\decorators\csrf.py first seen with mtime 1656186440.9188445
File C:\Python39\Lib\site-packages\django\contrib\staticfiles\__init__.py first seen with mtime 1656186440.0964046
File C:\Python39\Lib\genericpath.py first seen with mtime 1617532832.0
File C:\Python39\Lib\decimal.py first seen with mtime 1617532832.0
File C:\Python39\Lib\html\entities.py first seen with mtime 1617532832.0
File C:\Python39\Lib\site-packages\django\utils\functional.py first seen with mtime 1656186440.8708434
File C:\Python39\Lib\getpass.py first seen with mtime 1617532832.0
File C:\Python39\Lib\site-packages\django\views\debug.py first seen with mtime 1656186440.9088447
File C:\Python39\Lib\asyncio\windows_utils.py first seen with mtime 1617532832.0
File C:\Python39\Lib\site-packages\colorama\win32.py first seen with mtime 1656186050.446572
File C:\Python39\Lib\signal.py first seen with mtime 1617532832.0
File C:\Python39\Lib\site-packages\django\middleware\cache.py first seen with mtime 1656186440.7521856
File C:\Python39\Lib\site-packages\django\db\models\sql\datastructures.py first seen with mtime 1656186440.4250193
File C:\Python39\Lib\asyncio\runners.py first seen with mtime 1617532832.0
File C:\Python39\Lib\site-packages\idna\idnadata.py first seen with mtime 1656453429.335845
File C:\Python39\Lib\site-packages\django\db\models\deletion.py first seen with mtime 1656186440.387019
File C:\Python39\Lib\site-packages\django\db\__init__.py first seen with mtime 1656186440.2860188
File C:\Python39\Lib\zipfile.py first seen with mtime 1617532832.0
File C:\Python39\Lib\site-packages\django\utils\decorators.py first seen with mtime 1656186440.8628447
File C:\Python39\Lib\site-packages\django\template\loader_tags.py first seen with mtime 1656186440.7898538
File C:\Python39\Lib\pkgutil.py first seen with mtime 1617532832.0
File C:\Python39\Lib\site-packages\django\core\mail\utils.py first seen with mtime 1656186440.197019
File C:\Python39\DLLs\_overlapped.pyd first seen with mtime 1617532858.0
File C:\Python39\Lib\site-packages\django\utils\version.py first seen with mtime 1656186440.8958445
File C:\Python39\Lib\asyncio\queues.py first seen with mtime 1617532832.0
File C:\Python39\Lib\importlib\machinery.py first seen with mtime 1617532832.0
File C:\Python39\Lib\site-packages\django\forms\utils.py first seen with mtime 1656186440.444033
File C:\Python39\Lib\site-packages\django\__init__.py first seen with mtime 1656186434.9630172
File C:\Python39\Lib\site-packages\django\forms\widgets.py first seen with mtime 1656186440.4450195
File C:\Python39\Lib\site-packages\django\db\backends\base\introspection.py first seen with mtime 1656186440.300019
File C:\Python39\Lib\site-packages\charset_normalizer\api.py first seen with mtime 1656453429.60685
File C:\Python39\Lib\site-packages\requests\packages.py first seen with mtime 1656456046.668898
File C:\Python39\Lib\ctypes\wintypes.py first seen with mtime 1617532832.0
File C:\Python39\Lib\encodings\latin_1.py first seen with mtime 1617532832.0
File C:\Python39\Lib\datetime.py first seen with mtime 1617532832.0
File C:\Python39\Lib\site-packages\sqlparse\filters\__init__.py first seen with mtime 1656185993.527336
File C:\Python39\Lib\site-packages\django\contrib\sessions\models.py first seen with mtime 1656186439.4801438
File C:\Python39\Lib\site-packages\django\db\backends\base\operations.py first seen with mtime 1656186440.3020184
File C:\Python39\Lib\site-packages\django\contrib\admin\apps.py first seen with mtime 1656186435.5228014
File C:\Python39\Lib\site-packages\django\contrib\sessions\base_session.py first seen with mtime 1656186439.4801438
File C:\Python39\Lib\site-packages\django\core\checks\compatibility\django_4_0.py first seen with mtime 1656186440.1660194
File C:\Python39\Lib\email\_policybase.py first seen with mtime 1617532832.0
File C:\Python39\Lib\site-packages\django\urls\converters.py first seen with mtime 1656186440.8378444
File C:\Python39\Lib\os.py first seen with mtime 1617532832.0
File C:\Python39\Lib\sqlite3\__init__.py first seen with mtime 1617532832.0
File C:\Python39\Lib\sqlite3\dbapi2.py first seen with mtime 1617532832.0
File C:\Python39\Lib\email\_header_value_parser.py first seen with mtime 1617532832.0
File C:\Python39\Lib\site-packages\urllib3\packages\__init__.py first seen with mtime 1656453428.622846
File C:\Python39\Lib\asyncio\base_tasks.py first seen with mtime 1617532832.0
File C:\Python39\Lib\operator.py first seen with mtime 1617532832.0
File C:\Python39\Lib\site-packages\requests\certs.py first seen with mtime 1656456046.6579092
File C:\Python39\Lib\site-packages\django\forms\boundfield.py first seen with mtime 1656186440.4360197
File C:\Python39\Lib\site-packages\django\db\migrations\migration.py first seen with mtime 1656186440.3640203
File C:\Python39\Lib\site-packages\django\views\decorators\cache.py first seen with mtime 1656186440.9148436
File C:\Python39\Lib\_sitebuiltins.py first seen with mtime 1617532832.0
File C:\Python39\Lib\site-packages\django\core\handlers\__init__.py first seen with mtime 1656186440.1870186
File C:\Python39\Lib\email\encoders.py first seen with mtime 1617532832.0
File C:\Python39\Lib\site-packages\django\db\models\functions\text.py first seen with mtime 1656186440.419027
File C:\Python39\Lib\site-packages\django\contrib\__init__.py first seen with mtime 1656186435.5188022
File C:\Python39\Lib\site-packages\django\dispatch\dispatcher.py first seen with mtime 1656186440.432019
File C:\Python39\Lib\email\quoprimime.py first seen with mtime 1617532832.0
File C:\Python39\Lib\site-packages\django\core\signing.py first seen with mtime 1656186440.1276562
File C:\Python39\Lib\site-packages\sqlparse\tokens.py first seen with mtime 1656185993.5173318
File C:\Python39\Lib\site-packages\nvdlib\__init__.py first seen with mtime 1656456046.9379144
File C:\Python39\Lib\copy.py first seen with mtime 1617532832.0
File C:\Python39\Lib\site-packages\django\db\models\manager.py first seen with mtime 1656186440.3930194
File C:\Python39\Lib\site-packages\django\utils\encoding.py first seen with mtime 1656186440.8678572
File C:\Python39\Lib\site-packages\django\contrib\admin\templatetags\log.py first seen with mtime 1656186436.4064734
File C:\Python39\Lib\site-packages\asgiref\current_thread_executor.py first seen with mtime 1656186434.7746956
File C:\Python39\Lib\site-packages\django\core\cache\backends\base.py first seen with mtime 1656186440.1432807
File C:\Python39\Lib\site-packages\django\db\backends\base\creation.py first seen with mtime 1656186440.2980318
File C:\Python39\Lib\site-packages\requests\exceptions.py first seen with mtime 1656456046.6628983
File C:\Python39\Lib\site-packages\django\contrib\auth\backends.py first seen with mtime 1656186436.7712052
File C:\Python39\Lib\pathlib.py first seen with mtime 1617532832.0
File C:\Python39\Lib\queue.py first seen with mtime 1617532832.0
File C:\Python39\Lib\ssl.py first seen with mtime 1617532832.0
File C:\Python39\Lib\site-packages\django\core\checks\messages.py first seen with mtime 1656186440.1432807
File C:\Python39\Lib\site-packages\django\utils\timesince.py first seen with mtime 1656186440.890844
File C:\Python39\Lib\importlib\abc.py first seen with mtime 1617532832.0
File C:\Python39\Lib\socketserver.py first seen with mtime 1617532832.0
File C:\Python39\Lib\lzma.py first seen with mtime 1617532832.0
File C:\Python39\Lib\site-packages\django\core\serializers\base.py first seen with mtime 1656186440.2770183
File C:\Python39\Lib\wsgiref\__init__.py first seen with mtime 1617532832.0
File C:\Python39\Lib\asyncio\trsock.py first seen with mtime 1617532832.0
File D:\Django\mysite\mysite\urls.py first seen with mtime 1656460715.0643413
File C:\Python39\Lib\dis.py first seen with mtime 1617532832.0
File C:\Python39\Lib\site-packages\django\template\response.py first seen with mtime 1656186440.791843
File D:\Django\mysite\manage.py first seen with mtime 1656187276.9608192
File C:\Python39\Lib\site-packages\requests\utils.py first seen with mtime 1656456046.675897
File C:\Python39\Lib\site-packages\django\http\cookie.py first seen with mtime 1656186440.7431846
File C:\Python39\Lib\unittest\loader.py first seen with mtime 1617532832.0
File C:\Python39\Lib\site-packages\django\utils\connection.py first seen with mtime 1656186440.8528454
File C:\Python39\Lib\site-packages\sqlparse\lexer.py first seen with mtime 1656185993.5153308
File C:\Python39\Lib\site-packages\django\views\generic\base.py first seen with mtime 1656186440.9268446
File C:\Python39\Lib\site-packages\sqlparse\exceptions.py first seen with mtime 1656185993.5103328
File C:\Python39\Lib\site-packages\django\urls\exceptions.py first seen with mtime 1656186440.8388445
File C:\Python39\Lib\site-packages\urllib3\response.py first seen with mtime 1656453428.6048522
File C:\Python39\Lib\site-packages\django\core\checks\__init__.py first seen with mtime 1656186440.1432807
File C:\Python39\DLLs\_sqlite3.pyd first seen with mtime 1617532858.0
File C:\Python39\Lib\site-packages\sqlparse\filters\right_margin.py first seen with mtime 1656185993.5343423
File C:\Python39\Lib\email\message.py first seen with mtime 1617532832.0
File C:\Python39\Lib\site-packages\django\db\backends\base\schema.py first seen with mtime 1656186440.3030193
File C:\Python39\Lib\site-packages\urllib3\util\queue.py first seen with mtime 1656453428.6328466
File C:\Python39\DLLs\_asyncio.pyd first seen with mtime 1617532858.0
File C:\Python39\Lib\asyncio\windows_events.py first seen with mtime 1617532832.0
File C:\Python39\Lib\site-packages\certifi\core.py first seen with mtime 1656456046.593909
File C:\Python39\Lib\site-packages\charset_normalizer\cd.py first seen with mtime 1656453429.608847
File C:\Python39\Lib\site-packages\django\db\models\fields\__init__.py first seen with mtime 1656186440.4020183
File C:\Python39\Lib\contextvars.py first seen with mtime 1617532832.0
File C:\Python39\Lib\site-packages\django\contrib\admin\templatetags\base.py first seen with mtime 1656186436.405474
File C:\Python39\Lib\json\scanner.py first seen with mtime 1617532832.0
File C:\Python39\Lib\site-packages\idna\intranges.py first seen with mtime 1656453429.337848
File C:\Python39\Lib\site-packages\sqlparse\engine\__init__.py first seen with mtime 1656185993.5203416
File C:\Python39\Lib\sre_compile.py first seen with mtime 1617532832.0
File C:\Python39\Lib\site-packages\charset_normalizer\constant.py first seen with mtime 1656453429.6098554
File C:\Python39\Lib\site-packages\django\core\files\move.py first seen with mtime 1656186440.1790214
File C:\Python39\DLLs\_ssl.pyd first seen with mtime 1617532858.0
File C:\Python39\Lib\logging\__init__.py first seen with mtime 1617532832.0
File C:\Python39\Lib\email\mime\multipart.py first seen with mtime 1617532832.0
File C:\Python39\Lib\site-packages\asgiref\sync.py first seen with mtime 1656186434.7746956
File C:\Python39\Lib\base64.py first seen with mtime 1617532832.0
File C:\Python39\Lib\email\errors.py first seen with mtime 1617532832.0
File C:\Python39\Lib\logging\config.py first seen with mtime 1617532832.0
File C:\Python39\Lib\site-packages\django\contrib\admin\templatetags\admin_list.py first seen with mtime 1656186436.4014738
File C:\Python39\Lib\asyncio\events.py first seen with mtime 1617532832.0
File C:\Python39\Lib\site-packages\django\middleware\http.py first seen with mtime 1656186440.7642322
File C:\Python39\Lib\site-packages\django\core\handlers\exception.py first seen with mtime 1656186440.1910188
File C:\Python39\Lib\site-packages\idna\__init__.py first seen with mtime 1656453429.3298433
File C:\Python39\Lib\site-packages\django\contrib\messages\__init__.py first seen with mtime 1656186438.8710716
File C:\Python39\Lib\site-packages\django\core\mail\__init__.py first seen with mtime 1656186440.1940205
File C:\Python39\Lib\site-packages\sqlparse\formatter.py first seen with mtime 1656185993.5123324
File C:\Python39\Lib\wsgiref\simple_server.py first seen with mtime 1617532832.0
File C:\Python39\Lib\enum.py first seen with mtime 1617532832.0
File C:\Python39\Lib\asyncio\sslproto.py first seen with mtime 1617532832.0
File C:\Python39\Lib\site-packages\django\contrib\staticfiles\handlers.py first seen with mtime 1656186440.1120317
File C:\Python39\Lib\site-packages\requests\adapters.py first seen with mtime 1656456046.6528966
File C:\Python39\Lib\site-packages\django\forms\__init__.py first seen with mtime 1656186440.43502
File C:\Python39\Lib\site-packages\django\db\models\constants.py first seen with mtime 1656186440.3840187
File C:\Python39\DLLs\_queue.pyd first seen with mtime 1617532858.0
File C:\Python39\Lib\site-packages\django\db\backends\base\__init__.py first seen with mtime 1656186440.294018
File C:\Python39\Lib\site-packages\django\contrib\contenttypes\admin.py first seen with mtime 1656186437.1271794
File C:\Python39\Lib\site-packages\django\db\backends\sqlite3\schema.py first seen with mtime 1656186440.3540182
File C:\Python39\Lib\site-packages\django\db\models\indexes.py first seen with mtime 1656186440.3900185
File C:\Python39\Lib\site-packages\django\core\files\locks.py first seen with mtime 1656186440.1770213
File C:\Python39\Lib\site-packages\django\contrib\staticfiles\management\commands\runserver.py first seen with mtime 1656186440.1120317
File C:\Python39\Lib\html\parser.py first seen with mtime 1617532832.0
File C:\Python39\Lib\site-packages\urllib3\packages\six.py first seen with mtime 1656453428.6238446
File C:\Python39\Lib\asyncio\constants.py first seen with mtime 1617532832.0
File C:\Python39\Lib\site-packages\django\utils\ipv6.py first seen with mtime 1656186440.8768442
File C:\Python39\Lib\site-packages\django\conf\urls\__init__.py first seen with mtime 1656186435.5148032
File C:\Python39\Lib\site-packages\requests\__version__.py first seen with mtime 1656456046.6498976
File C:\Python39\Lib\site.py first seen with mtime 1617532832.0
File C:\Python39\Lib\email\mime\nonmultipart.py first seen with mtime 1617532832.0
File C:\Python39\Lib\fnmatch.py first seen with mtime 1617532832.0
File C:\Python39\Lib\__future__.py first seen with mtime 1617532832.0
File C:\Python39\Lib\site-packages\django\forms\models.py first seen with mtime 1656186440.4410198
File C:\Python39\Lib\site-packages\django\template\autoreload.py first seen with mtime 1656186440.7732313
File C:\Python39\Lib\email\utils.py first seen with mtime 1617532832.0
File C:\Python39\Lib\site-packages\django\http\multipartparser.py first seen with mtime 1656186440.7452006
File C:\Python39\Lib\site-packages\django\utils\topological_sort.py first seen with mtime 1656186440.8928442
File C:\Python39\Lib\site-packages\django\utils\translation\trans_real.py first seen with mtime 1656186440.9038446
File C:\Python39\Lib\site-packages\urllib3\contrib\_appengine_environ.py first seen with mtime 1656453428.6088462
File C:\Python39\Lib\concurrent\futures\_base.py first seen with mtime 1617532832.0
File C:\Python39\Lib\site-packages\django\contrib\admin\sites.py first seen with mtime 1656186435.5348012
File C:\Python39\Lib\site-packages\django\core\files\storage.py first seen with mtime 1656186440.1800222
File C:\Python39\Lib\site-packages\django\db\backends\sqlite3\__init__.py first seen with mtime 1656186440.3440197
File C:\Python39\Lib\site-packages\django\template\exceptions.py first seen with mtime 1656186440.7858324
File C:\Python39\Lib\platform.py first seen with mtime 1617532832.0
File C:\Python39\Lib\site-packages\django\core\wsgi.py first seen with mtime 1656186440.1276562
File C:\Python39\Lib\site-packages\django\contrib\auth\signals.py first seen with mtime 1656186436.787182
File C:\Python39\Lib\site-packages\django\contrib\sites\__init__.py first seen with mtime 1656186439.8151577
File C:\Python39\Lib\site-packages\django\dispatch\__init__.py first seen with mtime 1656186440.4310186
File C:\Python39\Lib\site-packages\requests\__init__.py first seen with mtime 1656456046.6488967
File C:\Python39\Lib\site-packages\urllib3\exceptions.py first seen with mtime 1656453428.570845
File C:\Python39\Lib\site-packages\django\db\models\constraints.py first seen with mtime 1656186440.38502
File C:\Python39\Lib\sre_parse.py first seen with mtime 1617532832.0
File C:\Python39\Lib\site-packages\django\db\migrations\operations\fields.py first seen with mtime 1656186440.3760207
File C:\Python39\Lib\site-packages\urllib3\util\ssl_match_hostname.py first seen with mtime 1656453428.6408453
File C:\Python39\Lib\keyword.py first seen with mtime 1617532832.0
File C:\Python39\Lib\encodings\cp1251.py first seen with mtime 1617532832.0
File C:\Python39\Lib\asyncio\staggered.py first seen with mtime 1617532832.0
File C:\Python39\Lib\site-packages\requests\status_codes.py first seen with mtime 1656456046.6718974
File C:\Python39\Lib\weakref.py first seen with mtime 1617532832.0
File C:\Python39\Lib\site-packages\django\contrib\auth\checks.py first seen with mtime 1656186436.7741804
File C:\Python39\Lib\site-packages\sqlparse\cli.py first seen with mtime 1656185993.507331
File C:\Python39\DLLs\select.pyd first seen with mtime 1617532858.0
File C:\Python39\Lib\concurrent\futures\__init__.py first seen with mtime 1617532832.0
File C:\Python39\Lib\site-packages\django\contrib\messages\constants.py first seen with mtime 1656186438.8710716
File C:\Python39\Lib\site-packages\django\core\management\color.py first seen with mtime 1656186440.2380233
File C:\Python39\Lib\site-packages\django\utils\translation\reloader.py first seen with mtime 1656186440.8998456
File C:\Python39\Lib\_markupbase.py first seen with mtime 1617532832.0
File C:\Python39\Lib\site-packages\django\db\models\fields\reverse_related.py first seen with mtime 1656186440.4120204
File C:\Python39\Lib\site-packages\django\http\response.py first seen with mtime 1656186440.749192
File C:\Python39\Lib\site-packages\django\template\loaders\__init__.py first seen with mtime 1656186440.803845
File C:\Python39\Lib\site-packages\sqlparse\__init__.py first seen with mtime 1656185993.5043347
File C:\Python39\Lib\site-packages\django\urls\__init__.py first seen with mtime 1656186440.8338442
File C:\Python39\Lib\site-packages\django\db\migrations\utils.py first seen with mtime 1656186440.3710215
File C:\Python39\Lib\site-packages\asgiref\local.py first seen with mtime 1656186434.7746956
File C:\Python39\Lib\site-packages\requests\cookies.py first seen with mtime 1656456046.6618972
File C:\Python39\Lib\fractions.py first seen with mtime 1617532832.0
File C:\Python39\Lib\asyncio\locks.py first seen with mtime 1617532832.0
File C:\Python39\Lib\asyncio\tasks.py first seen with mtime 1617532832.0
File C:\Python39\Lib\site-packages\charset_normalizer\legacy.py first seen with mtime 1656453429.611845
File C:\Python39\Lib\email\generator.py first seen with mtime 1617532832.0
File C:\Python39\Lib\site-packages\colorama\ansi.py first seen with mtime 1656186050.446572
File C:\Python39\Lib\site-packages\requests\models.py first seen with mtime 1656456046.6668973
File C:\Python39\Lib\ipaddress.py first seen with mtime 1617532832.0
File C:\Python39\Lib\site-packages\django\contrib\sessions\__init__.py first seen with mtime 1656186439.4801438
File C:\Python39\Lib\unittest\result.py first seen with mtime 1617532832.0
File C:\Python39\Lib\zoneinfo\_common.py first seen with mtime 1617532832.0
File C:\Python39\Lib\site-packages\sqlparse\sql.py first seen with mtime 1656185993.51633
File C:\Python39\Lib\site-packages\django\core\checks\security\base.py first seen with mtime 1656186440.1690204
File C:\Python39\Lib\site-packages\django\template\backends\base.py first seen with mtime 1656186440.7968445
File C:\Python39\Lib\socket.py first seen with mtime 1617532832.0
File C:\Python39\Lib\encodings\__init__.py first seen with mtime 1617532832.0
File C:\Python39\Lib\_bootlocale.py first seen with mtime 1617532832.0
File C:\Python39\Lib\sysconfig.py first seen with mtime 1617532832.0
File C:\Python39\Lib\site-packages\django\contrib\contenttypes\apps.py first seen with mtime 1656186437.1281796
File C:\Python39\Lib\site-packages\django\http\request.py first seen with mtime 1656186440.746185
File C:\Python39\Lib\site-packages\sqlparse\filters\output.py first seen with mtime 1656185993.53033
File C:\Python39\Lib\importlib\__init__.py first seen with mtime 1617532832.0
File C:\Python39\Lib\site-packages\urllib3\util\retry.py first seen with mtime 1656453428.6378453
File C:\Python39\Lib\urllib\parse.py first seen with mtime 1617532832.0
File C:\Python39\Lib\site-packages\nvdlib\get.py first seen with mtime 1656456046.943897
File C:\Python39\Lib\site-packages\django\middleware\__init__.py first seen with mtime 1656186440.7501848
File C:\Python39\Lib\html\__init__.py first seen with mtime 1617532832.0
File C:\Python39\Lib\site-packages\django\core\checks\security\sessions.py first seen with mtime 1656186440.171019
File C:\Python39\Lib\site-packages\django\db\backends\sqlite3\client.py first seen with mtime 1656186440.347019
File C:\Python39\Lib\site-packages\django\utils\dates.py first seen with mtime 1656186440.8598435
File C:\Python39\Lib\re.py first seen with mtime 1617532832.0
File C:\Python39\DLLs\_zoneinfo.pyd first seen with mtime 1617532858.0
File C:\Python39\Lib\site-packages\django\db\backends\signals.py first seen with mtime 1656186440.2920215
File C:\Python39\DLLs\unicodedata.pyd first seen with mtime 1617532860.0
File C:\Python39\Lib\site-packages\django\db\migrations\operations\special.py first seen with mtime 1656186440.3780184
File C:\Python39\Lib\site-packages\django\template\smartif.py first seen with mtime 1656186440.7928445
File C:\Python39\Lib\site-packages\django\db\models\expressions.py first seen with mtime 1656186440.3890188
File C:\Python39\Lib\site-packages\django\contrib\staticfiles\finders.py first seen with mtime 1656186440.1120317
File C:\Python39\Lib\http\server.py first seen with mtime 1617532832.0
File C:\Python39\Lib\difflib.py first seen with mtime 1617532832.0
File C:\Python39\Lib\site-packages\django\templatetags\__init__.py first seen with mtime 1656186440.8128443
File C:\Python39\Lib\site-packages\django\db\models\functions\datetime.py first seen with mtime 1656186440.4150193
File C:\Python39\Lib\site-packages\django\contrib\auth\password_validation.py first seen with mtime 1656186436.7851791
File C:\Python39\Lib\site-packages\django\forms\forms.py first seen with mtime 1656186440.4380188
File C:\Python39\Lib\encodings\idna.py first seen with mtime 1617532832.0
File C:\Python39\Lib\site-packages\django\db\backends\utils.py first seen with mtime 1656186440.2930186
File C:\Python39\Lib\json\__init__.py first seen with mtime 1617532832.0
File C:\Python39\Lib\site-packages\charset_normalizer\utils.py first seen with mtime 1656453429.6178453
File C:\Python39\Lib\site-packages\django\contrib\messages\api.py first seen with mtime 1656186438.8710716
File C:\Python39\Lib\urllib\response.py first seen with mtime 1617532832.0
File C:\Python39\Lib\codecs.py first seen with mtime 1617532832.0
File C:\Python39\Lib\site-packages\nvdlib\cve.py first seen with mtime 1656456046.9418974
File C:\Python39\Lib\site-packages\certifi\__init__.py first seen with mtime 1656456046.5859013
File C:\Python39\Lib\site-packages\requests\_internal_utils.py first seen with mtime 1656456046.651897
File C:\Python39\Lib\site-packages\django\template\engine.py first seen with mtime 1656186440.7842329
File C:\Python39\Lib\asyncio\coroutines.py first seen with mtime 1617532832.0
File C:\Python39\Lib\asyncio\futures.py first seen with mtime 1617532832.0
File C:\Python39\Lib\email\__init__.py first seen with mtime 1617532832.0
File C:\Python39\Lib\gzip.py first seen with mtime 1617532832.0
File C:\Python39\Lib\asyncio\threads.py first seen with mtime 1617532832.0
File C:\Python39\Lib\site-packages\requests\auth.py first seen with mtime 1656456046.6558995
File C:\Python39\Lib\site-packages\urllib3\connection.py first seen with mtime 1656453428.563846
File C:\Python39\Lib\site-packages\django\db\migrations\state.py first seen with mtime 1656186440.3700197
File C:\Python39\Lib\site-packages\django\contrib\admin\templatetags\admin_modify.py first seen with mtime 1656186436.4024763
File C:\Python39\Lib\email\iterators.py first seen with mtime 1617532832.0
File C:\Python39\Lib\concurrent\futures\thread.py first seen with mtime 1617532832.0
File C:\Python39\Lib\zoneinfo\_tzpath.py first seen with mtime 1617532832.0
File C:\Python39\Lib\site-packages\django\utils\numberformat.py first seen with mtime 1656186440.8848443
File C:\Python39\Lib\asyncio\subprocess.py first seen with mtime 1617532832.0
File C:\Python39\Lib\unittest\runner.py first seen with mtime 1617532832.0
File C:\Python39\Lib\site-packages\django\contrib\admin\exceptions.py first seen with mtime 1656186435.5268116
File C:\Python39\Lib\site-packages\django\db\models\base.py first seen with mtime 1656186440.383018
File C:\Python39\Lib\urllib\request.py first seen with mtime 1617532832.0
File C:\Python39\Lib\unittest\signals.py first seen with mtime 1617532832.0
File C:\Python39\Lib\asyncio\proactor_events.py first seen with mtime 1617532832.0
File C:\Python39\Lib\site-packages\django\db\models\fields\json.py first seen with mtime 1656186440.4040194
File C:\Python39\Lib\email\headerregistry.py first seen with mtime 1617532832.0
File C:\Python39\Lib\site-packages\django\conf\locale\__init__.py first seen with mtime 1656186434.973155
File C:\Python39\Lib\site-packages\urllib3\poolmanager.py first seen with mtime 1656453428.601844
File C:\Python39\Lib\hmac.py first seen with mtime 1617532832.0
File C:\Python39\Lib\site-packages\django\template\__init__.py first seen with mtime 1656186440.7722325
File C:\Python39\Lib\uu.py first seen with mtime 1617532832.0
File C:\Python39\Lib\site-packages\django\db\models\fields\proxy.py first seen with mtime 1656186440.4060204
File C:\Python39\Lib\site-packages\django\contrib\auth\__init__.py first seen with mtime 1656186436.7671902
File C:\Python39\Lib\site-packages\django\templatetags\tz.py first seen with mtime 1656186440.8198433
File C:\Python39\Lib\site-packages\django\core\cache\backends\__init__.py first seen with mtime 1656186440.1276562
File C:\Python39\Lib\types.py first seen with mtime 1617532832.0
File C:\Python39\Lib\site-packages\django\contrib\admin\utils.py first seen with mtime 1656186435.5368018
File C:\Python39\DLLs\_bz2.pyd first seen with mtime 1617532858.0
File C:\Python39\Lib\site-packages\django\contrib\admin\checks.py first seen with mtime 1656186435.5238075
File C:\Python39\Lib\site-packages\django\contrib\staticfiles\management\__init__.py first seen with mtime 1656186440.1120317
File C:\Python39\Lib\site-packages\django\contrib\admin\widgets.py first seen with mtime 1656186435.5378022
File C:\Python39\Lib\site-packages\django\db\models\aggregates.py first seen with mtime 1656186440.3810196
File C:\Python39\Lib\site-packages\django\utils\asyncio.py first seen with mtime 1656186440.846846
File C:\Python39\Lib\site-packages\django\utils\deprecation.py first seen with mtime 1656186440.8648438
File C:\Python39\Lib\site-packages\django\core\signals.py first seen with mtime 1656186440.1276562
File C:\Python39\Lib\site-packages\urllib3\__init__.py first seen with mtime 1656453428.5578444
File C:\Python39\Lib\site-packages\django\db\models\functions\math.py first seen with mtime 1656186440.4160185
File C:\Python39\Lib\site-packages\django\db\migrations\operations\base.py first seen with mtime 1656186440.3750193
File C:\Python39\Lib\site-packages\django\utils\crypto.py first seen with mtime 1656186440.8548474
File C:\Python39\Lib\site-packages\urllib3\util\connection.py first seen with mtime 1656453428.6298442
File C:\Python39\Lib\site-packages\urllib3\util\timeout.py first seen with mtime 1656453428.6438446
File C:\Python39\Lib\site-packages\django\contrib\staticfiles\apps.py first seen with mtime 1656186440.0964046
File C:\Python39\Lib\site-packages\django\core\serializers\__init__.py first seen with mtime 1656186440.2750196
File C:\Python39\Lib\site-packages\django\core\management\commands\runserver.py first seen with mtime 1656186440.2600198
File C:\Python39\Lib\site-packages\django\conf\global_settings.py first seen with mtime 1656186434.973155
File C:\Python39\Lib\hashlib.py first seen with mtime 1617532832.0
File C:\Python39\Lib\site-packages\django\views\generic\detail.py first seen with mtime 1656186440.929845
File C:\Python39\Lib\mimetypes.py first seen with mtime 1617532832.0
File C:\Python39\Lib\string.py first seen with mtime 1617532832.0
File C:\Python39\Lib\site-packages\django\utils\lorem_ipsum.py first seen with mtime 1656186440.881845
File C:\Python39\Lib\site-packages\urllib3\util\proxy.py first seen with mtime 1656453428.6318452
File C:\Python39\Lib\site-packages\django\db\models\functions\__init__.py first seen with mtime 1656186440.4130192
File C:\Python39\Lib\site-packages\django\views\generic\__init__.py first seen with mtime 1656186440.9258447
File C:\Python39\Lib\site-packages\django\db\models\functions\window.py first seen with mtime 1656186440.4200184
File C:\Python39\Lib\pickle.py first seen with mtime 1617532832.0
File D:\Django\mysite\mysite\settings.py first seen with mtime 1656463066.6291456
File C:\Python39\Lib\site-packages\django\contrib\auth\models.py first seen with mtime 1656186436.78418
File C:\Python39\Lib\threading.py first seen with mtime 1617532832.0
File C:\Python39\Lib\site-packages\django\db\models\query.py first seen with mtime 1656186440.3960183
File C:\Python39\Lib\site-packages\django\core\checks\async_checks.py first seen with mtime 1656186440.1432807
File C:\Python39\Lib\email\_parseaddr.py first seen with mtime 1617532832.0
File C:\Python39\Lib\site-packages\django\templatetags\static.py first seen with mtime 1656186440.817844
File C:\Python39\Lib\email\charset.py first seen with mtime 1617532832.0
File C:\Python39\Lib\site-packages\django\shortcuts.py first seen with mtime 1656186434.966029
File C:\Python39\Lib\site-packages\urllib3\contrib\__init__.py first seen with mtime 1656453428.6068432
File C:\Python39\Lib\ctypes\_endian.py first seen with mtime 1617532832.0
File C:\Python39\Lib\site-packages\django\contrib\admin\templatetags\__init__.py first seen with mtime 1656186436.399476
File C:\Python39\Lib\site-packages\django\db\backends\base\features.py first seen with mtime 1656186440.2990184
File C:\Python39\Lib\site-packages\urllib3\util\__init__.py first seen with mtime 1656453428.6278477
File C:\Python39\Lib\site-packages\django\core\servers\basehttp.py first seen with mtime 1656186440.2850204
File C:\Python39\Lib\email\contentmanager.py first seen with mtime 1617532832.0
File C:\Python39\Lib\site-packages\django\utils\module_loading.py first seen with mtime 1656186440.8838427
File C:\Python39\Lib\site-packages\django\utils\_os.py first seen with mtime 1656186440.844844
File C:\Python39\Lib\email\mime\text.py first seen with mtime 1617532832.0
File C:\Python39\Lib\site-packages\django\db\backends\base\validation.py first seen with mtime 1656186440.3040192
File C:\Python39\Lib\site-packages\urllib3\_version.py first seen with mtime 1656453428.5618465
File C:\Python39\Lib\site-packages\django\template\context.py first seen with mtime 1656186440.777233
File C:\Python39\Lib\site-packages\nvdlib\cpe.py first seen with mtime 1656456046.9408996
File C:\Python39\Lib\site-packages\django\core\files\utils.py first seen with mtime 1656186440.186022
File C:\Python39\Lib\site-packages\django\contrib\auth\tokens.py first seen with mtime 1656186436.7881968
File C:\Python39\Lib\site-packages\django\db\migrations\operations\models.py first seen with mtime 1656186440.3770266
File C:\Python39\Lib\site-packages\django\db\backends\__init__.py first seen with mtime 1656186440.2900188
File C:\Python39\Lib\site-packages\django\utils\hashable.py first seen with mtime 1656186440.871844
File C:\Python39\Lib\site-packages\charset_normalizer\__init__.py first seen with mtime 1656453429.6048455
File C:\Python39\Lib\site-packages\django\contrib\staticfiles\utils.py first seen with mtime 1656186440.1120317
File C:\Python39\Lib\site-packages\django\contrib\staticfiles\checks.py first seen with mtime 1656186440.1120317
File C:\Python39\Lib\functools.py first seen with mtime 1617532832.0
File C:\Python39\Lib\site-packages\django\template\loaders\app_directories.py first seen with mtime 1656186440.8058517
File C:\Python39\Lib\site-packages\django\urls\resolvers.py first seen with mtime 1656186440.8408444
File C:\Python39\Lib\site-packages\django\utils\cache.py first seen with mtime 1656186440.8518424
File C:\Python39\Lib\linecache.py first seen with mtime 1617532832.0
File C:\Python39\Lib\site-packages\django\contrib\auth\validators.py first seen with mtime 1656186436.7901995
File C:\Python39\Lib\io.py first seen with mtime 1617532832.0
File C:\Python39\Lib\site-packages\colorama\initialise.py first seen with mtime 1656186050.446572
File C:\Python39\Lib\site-packages\django\views\decorators\http.py first seen with mtime 1656186440.922844
File C:\Python39\Lib\site-packages\django\utils\inspect.py first seen with mtime 1656186440.8758435
File C:\Python39\Lib\wsgiref\headers.py first seen with mtime 1617532832.0
File C:\Python39\Lib\site-packages\django\db\models\sql\__init__.py first seen with mtime 1656186440.42102
File C:\Python39\Lib\site-packages\django\db\models\fields\related.py first seen with mtime 1656186440.4080186
File C:\Python39\Lib\site-packages\django\core\checks\urls.py first seen with mtime 1656186440.164021
File C:\Python39\Lib\email\_encoded_words.py first seen with mtime 1617532832.0
File C:\Python39\Lib\site-packages\django\contrib\staticfiles\views.py first seen with mtime 1656186440.1120317
File C:\Python39\Lib\site-packages\idna\package_data.py first seen with mtime 1656453429.3388507
File C:\Python39\Lib\site-packages\django\contrib\sessions\middleware.py first seen with mtime 1656186439.4801438
File C:\Python39\Lib\site-packages\django\db\models\sql\where.py first seen with mtime 1656186440.4300303
File C:\Python39\Lib\site-packages\django\core\files\uploadedfile.py first seen with mtime 1656186440.18302
File C:\Python39\Lib\json\encoder.py first seen with mtime 1617532832.0
File C:\Python39\Lib\site-packages\django\db\utils.py first seen with mtime 1656186440.2890196
File C:\Python39\Lib\site-packages\django\db\backends\sqlite3\features.py first seen with mtime 1656186440.3490186
File C:\Python39\Lib\typing.py first seen with mtime 1617532832.0
File C:\Python39\Lib\email\parser.py first seen with mtime 1617532832.0
File C:\Python39\Lib\site-packages\django\core\cache\utils.py first seen with mtime 1656186440.1276562
File C:\Python39\Lib\email\mime\base.py first seen with mtime 1617532832.0
File C:\Python39\Lib\site-packages\charset_normalizer\models.py first seen with mtime 1656453429.614847
File C:\Python39\Lib\site-packages\sqlparse\engine\filter_stack.py first seen with mtime 1656185993.521358
File D:\Django\mysite\mysite\views.py first seen with mtime 1656462299.8930826
File C:\Python39\Lib\site-packages\django\core\checks\caches.py first seen with mtime 1656186440.1432807
File C:\Python39\Lib\site-packages\django\db\models\sql\query.py first seen with mtime 1656186440.42703
File C:\Python39\DLLs\_hashlib.pyd first seen with mtime 1617532858.0
File C:\Python39\Lib\unittest\__init__.py first seen with mtime 1617532832.0
File C:\Python39\Lib\site-packages\django\contrib\admin\__init__.py first seen with mtime 1656186435.5198023
File C:\Python39\Lib\site-packages\django\db\migrations\exceptions.py first seen with mtime 1656186440.3580208
File C:\Python39\Lib\site-packages\django\db\models\signals.py first seen with mtime 1656186440.3980188
File C:\Python39\Lib\site-packages\django\db\backends\sqlite3\base.py first seen with mtime 1656186440.3450177
File C:\Python39\Lib\site-packages\django\db\models\sql\subqueries.py first seen with mtime 1656186440.4290195
File C:\Python39\Lib\asyncio\base_futures.py first seen with mtime 1617532832.0
File C:\Python39\Lib\site-packages\django\core\files\images.py first seen with mtime 1656186440.1760216
File C:\Python39\Lib\site-packages\django\core\checks\templates.py first seen with mtime 1656186440.162019
File C:\Python39\Lib\site-packages\django\core\files\temp.py first seen with mtime 1656186440.1820228
File C:\Python39\Lib\reprlib.py first seen with mtime 1617532832.0
File C:\Python39\Lib\site-packages\django\db\backends\base\client.py first seen with mtime 1656186440.2960181
File C:\Python39\Lib\nturl2path.py first seen with mtime 1617532832.0
File C:\Python39\Lib\asyncio\base_events.py first seen with mtime 1617532832.0
File C:\Python39\Lib\site-packages\django\core\checks\model_checks.py first seen with mtime 1656186440.15902
File C:\Python39\Lib\site-packages\django\contrib\auth\base_user.py first seen with mtime 1656186436.7721815
File C:\Python39\Lib\site-packages\django\http\__init__.py first seen with mtime 1656186440.7421973
File C:\Python39\Lib\site-packages\django\views\__init__.py first seen with mtime 1656186440.904844
File C:\Python39\Lib\site-packages\django\db\models\utils.py first seen with mtime 1656186440.400018
File C:\Python39\Lib\site-packages\sqlparse\filters\reindent.py first seen with mtime 1656185993.5323339
File C:\Python39\Lib\site-packages\django\db\models\fields\related_lookups.py first seen with mtime 1656186440.4100187
File C:\Python39\Lib\site-packages\django\middleware\csrf.py first seen with mtime 1656186440.7612386
File C:\Python39\Lib\http\cookies.py first seen with mtime 1617532832.0
File C:\Python39\Lib\collections\abc.py first seen with mtime 1617532832.0
File C:\Python39\Lib\site-packages\django\contrib\auth\forms.py first seen with mtime 1656186436.7791817
File C:\Python39\Lib\site-packages\django\template\library.py first seen with mtime 1656186440.7878573
File C:\Python39\Lib\wsgiref\handlers.py first seen with mtime 1617532832.0
File C:\Python39\Lib\site-packages\django\db\models\fields\mixins.py first seen with mtime 1656186440.40502
File C:\Python39\Lib\site-packages\django\core\management\__init__.py first seen with mtime 1656186440.2350185
File C:\Python39\Lib\email\policy.py first seen with mtime 1617532832.0
File C:\Python39\Lib\traceback.py first seen with mtime 1617532832.0
File C:\Python39\Lib\ntpath.py first seen with mtime 1617532832.0
File C:\Python39\Lib\bisect.py first seen with mtime 1617532832.0
File C:\Python39\Lib\site-packages\django\core\checks\security\csrf.py first seen with mtime 1656186440.1700191
File C:\Python39\Lib\calendar.py first seen with mtime 1617532832.0
File C:\Python39\Lib\site-packages\django\contrib\admin\models.py first seen with mtime 1656186435.531802
File C:\Python39\Lib\site-packages\django\core\servers\__init__.py first seen with mtime 1656186440.2830193
File C:\Python39\Lib\urllib\error.py first seen with mtime 1617532832.0
File C:\Python39\Lib\site-packages\django\core\files\base.py first seen with mtime 1656186440.1740186
File C:\Python39\Lib\site-packages\django\contrib\messages\apps.py first seen with mtime 1656186438.8710716
File C:\Python39\Lib\site-packages\django\forms\renderers.py first seen with mtime 1656186440.4430182
File C:\Python39\Lib\site-packages\urllib3\_collections.py first seen with mtime 1656453428.5598457
File C:\Python39\Lib\site-packages\django\urls\base.py first seen with mtime 1656186440.834845
File C:\Python39\Lib\site-packages\django\views\generic\dates.py first seen with mtime 1656186440.9288433
File C:\Python39\Lib\site-packages\django\utils\datastructures.py first seen with mtime 1656186440.8558433
File C:\Python39\DLLs\_decimal.pyd first seen with mtime 1617532860.0
File C:\Python39\Lib\site-packages\django\contrib\auth\hashers.py first seen with mtime 1656186436.7801962
File C:\Python39\Lib\site-packages\django\template\loader.py first seen with mtime 1656186440.788843
File C:\Python39\Lib\stat.py first seen with mtime 1617532832.0
File C:\Python39\Lib\site-packages\colorama\winterm.py first seen with mtime 1656186050.446572
File C:\Python39\Lib\site-packages\django\contrib\admin\options.py first seen with mtime 1656186435.532801
File C:\Python39\Lib\email\mime\message.py first seen with mtime 1617532832.0
File C:\Python39\Lib\asyncio\protocols.py first seen with mtime 1617532832.0
File C:\Python39\Lib\site-packages\django\core\checks\database.py first seen with mtime 1656186440.1432807
File C:\Python39\Lib\tempfile.py first seen with mtime 1617532832.0
File C:\Python39\Lib\site-packages\sqlparse\keywords.py first seen with mtime 1656185993.51333
File C:\Python39\Lib\statistics.py first seen with mtime 1617532832.0
File C:\Python39\Lib\unittest\main.py first seen with mtime 1617532832.0
File C:\Python39\Lib\site-packages\django\views\defaults.py first seen with mtime 1656186440.9098465
File C:\Python39\Lib\site-packages\django\contrib\contenttypes\fields.py first seen with mtime 1656186437.131181
File C:\Python39\Lib\site-packages\django\core\checks\security\__init__.py first seen with mtime 1656186440.1680198
File C:\Python39\Lib\site-packages\django\template\backends\__init__.py first seen with mtime 1656186440.795848
File C:\Python39\Lib\site-packages\django\templatetags\i18n.py first seen with mtime 1656186440.8158448
File C:\Python39\Lib\logging\handlers.py first seen with mtime 1617532832.0
File C:\Python39\Lib\asyncio\log.py first seen with mtime 1617532832.0
File C:\Python39\Lib\site-packages\django\apps\__init__.py first seen with mtime 1656186434.9680285
File C:\Python39\Lib\site-packages\django\template\defaultfilters.py first seen with mtime 1656186440.7812355
File C:\Python39\Lib\imp.py first seen with mtime 1617532832.0
File C:\Python39\Lib\site-packages\django\apps\config.py first seen with mtime 1656186434.9700325
File C:\Python39\Lib\site-packages\django\templatetags\l10n.py first seen with mtime 1656186440.8168454
File C:\Python39\Lib\site-packages\django\utils\termcolors.py first seen with mtime 1656186440.8888443
File C:\Python39\Lib\site-packages\django\contrib\admin\views\autocomplete.py first seen with mtime 1656186436.4094765
File C:\Python39\Lib\site-packages\charset_normalizer\md.py first seen with mtime 1656453429.6138632
File C:\Python39\Lib\site-packages\django\contrib\staticfiles\management\commands\__init__.py first seen with mtime 1656186440.1120317
File C:\Python39\Lib\site-packages\django\utils\http.py first seen with mtime 1656186440.8748446
File C:\Python39\Lib\urllib\__init__.py first seen with mtime 1617532832.0
File C:\Python39\Lib\json\decoder.py first seen with mtime 1617532832.0
File C:\Python39\DLLs\_lzma.pyd first seen with mtime 1617532858.0
File C:\Python39\Lib\site-packages\django\template\backends\django.py first seen with mtime 1656186440.7988472
File C:\Python39\Lib\site-packages\django\contrib\messages\storage\__init__.py first seen with mtime 1656186438.8710716
File C:\Python39\Lib\concurrent\__init__.py first seen with mtime 1617532832.0
File C:\Python39\Lib\site-packages\colorama\__init__.py first seen with mtime 1656186050.446572
File C:\Python39\Lib\site-packages\charset_normalizer\version.py first seen with mtime 1656453429.6188457
File C:\Python39\Lib\contextlib.py first seen with mtime 1617532832.0
File D:\Django\mysite\mysite\__init__.py first seen with mtime 1656187277.0927174
File C:\Python39\Lib\site-packages\django\apps\registry.py first seen with mtime 1656186434.9710395
File C:\Python39\Lib\site-packages\django\core\validators.py first seen with mtime 1656186440.1276562
File C:\Python39\Lib\site-packages\django\views\decorators\__init__.py first seen with mtime 1656186440.9138455
File C:\Python39\Lib\site-packages\sqlparse\engine\statement_splitter.py first seen with mtime 1656185993.5253305
File C:\Python39\Lib\site-packages\django\contrib\sessions\backends\__init__.py first seen with mtime 1656186439.4801438
File C:\Python39\Lib\site-packages\django\core\cache\__init__.py first seen with mtime 1656186440.1276562
File C:\Python39\Lib\importlib\util.py first seen with mtime 1617532832.0
File C:\Python39\Lib\site-packages\django\templatetags\cache.py first seen with mtime 1656186440.813844
File C:\Python39\Lib\site-packages\django\contrib\contenttypes\checks.py first seen with mtime 1656186437.13018
File C:\Python39\Lib\site-packages\django\core\handlers\base.py first seen with mtime 1656186440.1900187
File C:\Python39\Lib\site-packages\django\core\handlers\wsgi.py first seen with mtime 1656186440.1930308
File C:\Python39\Lib\site-packages\django\db\models\fields\related_descriptors.py first seen with mtime 1656186440.409019
File C:\Python39\Lib\site-packages\django\contrib\sites\shortcuts.py first seen with mtime 1656186439.8151577
File C:\Python39\Lib\site-packages\django\db\transaction.py first seen with mtime 1656186440.287019
File C:\Python39\Lib\site-packages\django\core\serializers\python.py first seen with mtime 1656186440.2800329
File C:\Python39\Lib\site-packages\django\core\serializers\json.py first seen with mtime 1656186440.2780344
File C:\Python39\Lib\site-packages\django\utils\tree.py first seen with mtime 1656186440.8948576
File C:\Python39\Lib\warnings.py first seen with mtime 1617532832.0
File C:\Python39\Lib\site-packages\django\utils\safestring.py first seen with mtime 1656186440.8868446
File C:\Python39\Lib\_compat_pickle.py first seen with mtime 1617532832.0
File C:\Python39\Lib\site-packages\django\views\static.py first seen with mtime 1656186440.9128442
File C:\Python39\Lib\site-packages\sqlparse\filters\others.py first seen with mtime 1656185993.5293303
File C:\Python39\Lib\encodings\aliases.py first seen with mtime 1617532832.0
File C:\Python39\Lib\site-packages\django\contrib\contenttypes\forms.py first seen with mtime 1656186437.1321802
File C:\Python39\Lib\secrets.py first seen with mtime 1617532832.0
File C:\Python39\Lib\site-packages\django\contrib\admin\views\__init__.py first seen with mtime 1656186436.4074745
File C:\Python39\Lib\site-packages\django\contrib\contenttypes\views.py first seen with mtime 1656186437.13518
File C:\Python39\Lib\site-packages\nvdlib\classes.py first seen with mtime 1656456046.9388976
File C:\Python39\Lib\site-packages\django\core\exceptions.py first seen with mtime 1656186440.1276562
File C:\Python39\Lib\site-packages\django\contrib\admin\decorators.py first seen with mtime 1656186435.5248046
File C:\Python39\Lib\site-packages\django\core\cache\backends\locmem.py first seen with mtime 1656186440.1432807
File C:\Python39\Lib\site-packages\django\db\models\query_utils.py first seen with mtime 1656186440.3970191
File C:\Python39\Lib\site-packages\requests\compat.py first seen with mtime 1656456046.659905
File C:\Python39\Lib\site-packages\django\utils\log.py first seen with mtime 1656186440.880844
File C:\Python39\Lib\site-packages\django\db\models\__init__.py first seen with mtime 1656186440.3800204
File C:\Python39\Lib\site-packages\django\contrib\auth\admin.py first seen with mtime 1656186436.7682085
File C:\Python39\Lib\email\base64mime.py first seen with mtime 1617532832.0
File C:\Python39\Lib\ctypes\__init__.py first seen with mtime 1617532832.0
File C:\Python39\Lib\site-packages\django\db\migrations\__init__.py first seen with mtime 1656186440.355019
File C:\Python39\Lib\site-packages\django\template\base.py first seen with mtime 1656186440.775232
File C:\Python39\Lib\site-packages\django\core\paginator.py first seen with mtime 1656186440.1276562
File D:\Django\mysite\mysite\templates\index.html first seen with mtime 1656458390.4423478
File D:\Django\mysite\mysite\templates\info.html first seen with mtime 1656455305.2019615
File C:\Python39\Lib\site-packages\django\contrib\sessions\migrations\0001_initial.py first seen with mtime 1656186439.799531
File C:\Python39\Lib\site-packages\django\contrib\auth\migrations\0003_alter_user_email_max_length.py first seen with mtime 1656186437.1101801
File C:\Python39\Lib\site-packages\django\contrib\contenttypes\migrations\0002_remove_content_type_name.py first seen with mtime 1656186437.4172847
File C:\Python39\Lib\site-packages\django\contrib\auth\migrations\0008_alter_user_username_max_length.py first seen with mtime 1656186437.1161795
File C:\Python39\Lib\site-packages\django\contrib\sessions\backends\db.py first seen with mtime 1656186439.4801438
File C:\Python39\Lib\site-packages\django\db\migrations\executor.py first seen with mtime 1656186440.3600187
File C:\Python39\Lib\site-packages\django\views\csrf.py first seen with mtime 1656186440.906844
File C:\Python39\Lib\site-packages\django\db\migrations\recorder.py first seen with mtime 1656186440.36702
File C:\Python39\Lib\site-packages\django\contrib\auth\migrations\0011_update_proxy_permissions.py first seen with mtime 1656186437.120182
File C:\Python39\Lib\site-packages\django\db\migrations\loader.py first seen with mtime 1656186440.362019
File C:\Python39\Lib\site-packages\django\contrib\admin\migrations\0002_logentry_remove_auto_add.py first seen with mtime 1656186436.130094
File C:\Python39\Lib\site-packages\django\contrib\sessions\migrations\__init__.py first seen with mtime 1656186439.799531
File C:\Python39\Lib\site-packages\django\contrib\admin\migrations\0003_logentry_add_action_flag_choices.py first seen with mtime 1656186436.1310945
File C:\Python39\Lib\site-packages\django\contrib\auth\migrations\0010_alter_group_name_max_length.py first seen with mtime 1656186437.1181974
File C:\Python39\Lib\site-packages\django\contrib\sessions\exceptions.py first seen with mtime 1656186439.4801438
File C:\Python39\Lib\site-packages\django\middleware\clickjacking.py first seen with mtime 1656186440.7551866
File C:\Python39\Lib\site-packages\django\contrib\auth\migrations\0004_alter_user_username_opts.py first seen with mtime 1656186437.1111808
File C:\Python39\Lib\site-packages\django\db\migrations\graph.py first seen with mtime 1656186440.3610191
File C:\Python39\Lib\site-packages\django\contrib\admin\migrations\0001_initial.py first seen with mtime 1656186436.1290975
File C:\Python39\Lib\site-packages\django\contrib\auth\migrations\0006_require_contenttypes_0002.py first seen with mtime 1656186437.1131806
File D:\Django\mysite\mysite\wsgi.py first seen with mtime 1656187277.0917192
File C:\Python39\Lib\site-packages\django\contrib\auth\migrations\0009_alter_user_last_name_max_length.py first seen with mtime 1656186437.1171794
File C:\Python39\Lib\site-packages\django\contrib\sessions\backends\base.py first seen with mtime 1656186439.4801438
File C:\Python39\Lib\site-packages\django\contrib\auth\migrations\0001_initial.py first seen with mtime 1656186437.1071808
File C:\Python39\Lib\site-packages\django\contrib\messages\middleware.py first seen with mtime 1656186438.8710716
File C:\Python39\Lib\site-packages\django\contrib\admin\migrations\__init__.py first seen with mtime 1656186436.1320946
File C:\Python39\Lib\site-packages\django\contrib\contenttypes\migrations\0001_initial.py first seen with mtime 1656186437.4162908
File C:\Python39\Lib\site-packages\django\middleware\common.py first seen with mtime 1656186440.7561903
File C:\Python39\Lib\site-packages\django\contrib\auth\migrations\__init__.py first seen with mtime 1656186437.12218
File C:\Python39\Lib\site-packages\django\contrib\auth\migrations\0002_alter_permission_name_max_length.py first seen with mtime 1656186437.1091797
File C:\Python39\Lib\site-packages\django\contrib\auth\migrations\0007_alter_validators_add_error_messages.py first seen with mtime 1656186437.1141822
File C:\Python39\Lib\site-packages\django\contrib\contenttypes\migrations\__init__.py first seen with mtime 1656186437.4182856
File C:\Python39\Lib\site-packages\django\contrib\auth\migrations\0005_alter_user_last_login_null.py first seen with mtime 1656186437.112193
File C:\Python39\Lib\site-packages\django\contrib\auth\migrations\0012_alter_user_first_name_max_length.py first seen with mtime 1656186437.121181
